DEBUG 2024-10-23 18:52:00,579 get 'PAGE_SIZE' casted as 'None' with default '<NoValue>'
INFO 2024-10-23 18:52:00,723 Watching for file changes with StatReloader
DEBUG 2024-10-23 18:52:04,310 get 'PAGE_SIZE' casted as 'None' with default '<NoValue>'
INFO 2024-10-23 18:52:04,415 Watching for file changes with StatReloader
INFO 2024-10-23 18:52:32,137 /Users/anil.reddy/Code/weather/core/settings.py changed, reloading.
DEBUG 2024-10-23 18:52:32,361 get 'PAGE_SIZE' casted as 'None' with default '<NoValue>'
INFO 2024-10-23 18:52:32,527 Watching for file changes with StatReloader
DEBUG 2024-10-23 18:52:35,568 get 'PAGE_SIZE' casted as 'None' with default '<NoValue>'
INFO 2024-10-23 18:52:35,678 Watching for file changes with StatReloader
INFO 2024-10-23 18:53:38,566 /Users/anil.reddy/Code/weather/core/settings.py changed, reloading.
DEBUG 2024-10-23 18:53:38,813 get 'PAGE_SIZE' casted as 'None' with default '<NoValue>'
INFO 2024-10-23 18:53:38,985 Watching for file changes with StatReloader
DEBUG 2024-10-23 18:53:42,208 get 'PAGE_SIZE' casted as 'None' with default '<NoValue>'
INFO 2024-10-23 18:53:42,317 Watching for file changes with StatReloader
DEBUG 2024-10-23 18:56:08,451 get 'PAGE_SIZE' casted as 'None' with default '<NoValue>'
INFO 2024-10-23 18:56:08,573 Watching for file changes with StatReloader
DEBUG 2024-10-23 15:19:40,928 get 'PAGE_SIZE' casted as 'None' with default '<NoValue>'
DEBUG 2024-10-23 15:20:13,868 get 'PAGE_SIZE' casted as 'None' with default '<NoValue>'
INFO 2024-10-23 15:20:15,325 Dumping started...
INFO 2024-10-23 15:20:15,458 Dumping started for USC00110072.txt file
INFO 2024-10-23 15:20:16,552 Dump completed for USC00110072.txt file,total insert count 10865
INFO 2024-10-23 15:20:16,652 Dumping started for USC00110187.txt file
INFO 2024-10-23 15:20:17,603 Dump completed for USC00110187.txt file,total insert count 10407
INFO 2024-10-23 15:20:17,778 Dumping started for USC00110338.txt file
INFO 2024-10-23 15:20:19,120 Dump completed for USC00110338.txt file,total insert count 10712
INFO 2024-10-23 15:20:19,282 Dumping started for USC00111280.txt file
INFO 2024-10-23 15:20:20,583 Dump completed for USC00111280.txt file,total insert count 9343
INFO 2024-10-23 15:20:20,791 Dumping started for USC00111436.txt file
INFO 2024-10-23 15:20:22,586 Dump completed for USC00111436.txt file,total insert count 10744
INFO 2024-10-23 15:20:22,783 Dumping started for USC00112140.txt file
INFO 2024-10-23 15:20:24,180 Dump completed for USC00112140.txt file,total insert count 10957
INFO 2024-10-23 15:20:24,360 Dumping started for USC00112193.txt file
INFO 2024-10-23 15:20:25,656 Dump completed for USC00112193.txt file,total insert count 10653
INFO 2024-10-23 15:20:26,034 Dumping started for USC00112348.txt file
INFO 2024-10-23 15:20:27,036 Dump completed for USC00112348.txt file,total insert count 9681
INFO 2024-10-23 15:20:27,438 Dumping started for USC00112483.txt file
INFO 2024-10-23 15:20:28,547 Dump completed for USC00112483.txt file,total insert count 10898
INFO 2024-10-23 15:20:29,001 Dumping started for USC00113335.txt file
INFO 2024-10-23 15:20:30,108 Dump completed for USC00113335.txt file,total insert count 10652
INFO 2024-10-23 15:20:30,557 Dumping started for USC00113879.txt file
INFO 2024-10-23 15:20:31,593 Dump completed for USC00113879.txt file,total insert count 9074
INFO 2024-10-23 15:20:32,033 Dumping started for USC00114108.txt file
INFO 2024-10-23 15:20:33,259 Dump completed for USC00114108.txt file,total insert count 10896
INFO 2024-10-23 15:20:33,469 Dumping started for USC00114198.txt file
INFO 2024-10-23 15:20:34,704 Dump completed for USC00114198.txt file,total insert count 10926
INFO 2024-10-23 15:20:35,087 Dumping started for USC00114442.txt file
INFO 2024-10-23 15:20:36,415 Dump completed for USC00114442.txt file,total insert count 10957
INFO 2024-10-23 15:20:37,051 Dumping started for USC00114823.txt file
INFO 2024-10-23 15:20:38,480 Dump completed for USC00114823.txt file,total insert count 10929
INFO 2024-10-23 15:20:39,227 Dumping started for USC00115079.txt file
INFO 2024-10-23 15:20:40,651 Dump completed for USC00115079.txt file,total insert count 10501
INFO 2024-10-23 15:20:41,347 Dumping started for USC00115326.txt file
INFO 2024-10-23 15:20:42,583 Dump completed for USC00115326.txt file,total insert count 10077
INFO 2024-10-23 15:20:43,222 Dumping started for USC00115515.txt file
INFO 2024-10-23 15:20:44,095 Dump completed for USC00115515.txt file,total insert count 6271
INFO 2024-10-23 15:20:44,307 Dumping started for USC00115712.txt file
INFO 2024-10-23 15:20:45,665 Dump completed for USC00115712.txt file,total insert count 10957
INFO 2024-10-23 15:20:46,069 Dumping started for USC00115768.txt file
INFO 2024-10-23 15:20:47,204 Dump completed for USC00115768.txt file,total insert count 10745
INFO 2024-10-23 15:20:47,842 Dumping started for USC00115833.txt file
INFO 2024-10-23 15:20:49,093 Dump completed for USC00115833.txt file,total insert count 10866
INFO 2024-10-23 15:20:49,980 Dumping started for USC00115901.txt file
INFO 2024-10-23 15:20:51,300 Dump completed for USC00115901.txt file,total insert count 10957
INFO 2024-10-23 15:20:51,815 Dumping started for USC00115943.txt file
INFO 2024-10-23 15:20:53,155 Dump completed for USC00115943.txt file,total insert count 10957
INFO 2024-10-23 15:20:54,143 Dumping started for USC00116446.txt file
INFO 2024-10-23 15:20:55,476 Dump completed for USC00116446.txt file,total insert count 10654
INFO 2024-10-23 15:20:56,009 Dumping started for USC00116526.txt file
INFO 2024-10-23 15:20:57,470 Dump completed for USC00116526.txt file,total insert count 10926
INFO 2024-10-23 15:20:58,504 Dumping started for USC00116558.txt file
INFO 2024-10-23 15:21:00,045 Dump completed for USC00116558.txt file,total insert count 10804
INFO 2024-10-23 15:21:01,174 Dumping started for USC00116579.txt file
INFO 2024-10-23 15:21:02,495 Dump completed for USC00116579.txt file,total insert count 10407
INFO 2024-10-23 15:21:03,255 Dumping started for USC00116610.txt file
INFO 2024-10-23 15:21:04,606 Dump completed for USC00116610.txt file,total insert count 10957
INFO 2024-10-23 15:21:04,906 Dumping started for USC00116738.txt file
INFO 2024-10-23 15:21:06,084 Dump completed for USC00116738.txt file,total insert count 8126
INFO 2024-10-23 15:21:06,267 Dumping started for USC00116910.txt file
INFO 2024-10-23 15:21:08,413 Dump completed for USC00116910.txt file,total insert count 10898
INFO 2024-10-23 15:21:09,270 Dumping started for USC00117551.txt file
INFO 2024-10-23 15:21:11,405 Dump completed for USC00117551.txt file,total insert count 10803
INFO 2024-10-23 15:21:11,722 Dumping started for USC00118147.txt file
INFO 2024-10-23 15:21:13,628 Dump completed for USC00118147.txt file,total insert count 9896
INFO 2024-10-23 15:21:15,123 Dumping started for USC00118740.txt file
INFO 2024-10-23 15:21:17,650 Dump completed for USC00118740.txt file,total insert count 10957
INFO 2024-10-23 15:21:18,519 Dumping started for USC00118916.txt file
INFO 2024-10-23 15:21:21,485 Dump completed for USC00118916.txt file,total insert count 10865
INFO 2024-10-23 15:21:21,896 Dumping started for USC00119241.txt file
INFO 2024-10-23 15:21:24,450 Dump completed for USC00119241.txt file,total insert count 10869
INFO 2024-10-23 15:21:24,934 Dumping started for USC00119354.txt file
INFO 2024-10-23 15:21:27,490 Dump completed for USC00119354.txt file,total insert count 10896
INFO 2024-10-23 15:21:28,009 Dumping started for USC00120177.txt file
INFO 2024-10-23 15:21:30,059 Dump completed for USC00120177.txt file,total insert count 10837
INFO 2024-10-23 15:21:31,346 Dumping started for USC00120200.txt file
INFO 2024-10-23 15:21:33,438 Dump completed for USC00120200.txt file,total insert count 10927
INFO 2024-10-23 15:21:33,724 Dumping started for USC00120676.txt file
INFO 2024-10-23 15:21:35,579 Dump completed for USC00120676.txt file,total insert count 10652
INFO 2024-10-23 15:21:37,229 Dumping started for USC00120784.txt file
INFO 2024-10-23 15:21:39,124 Dump completed for USC00120784.txt file,total insert count 10897
INFO 2024-10-23 15:21:39,931 Dumping started for USC00121030.txt file
INFO 2024-10-23 15:21:41,730 Dump completed for USC00121030.txt file,total insert count 10135
INFO 2024-10-23 15:21:42,004 Dumping started for USC00121229.txt file
INFO 2024-10-23 15:21:43,068 Dump completed for USC00121229.txt file,total insert count 6087
INFO 2024-10-23 15:21:43,718 Dumping started for USC00121425.txt file
INFO 2024-10-23 15:21:44,906 Dump completed for USC00121425.txt file,total insert count 5811
INFO 2024-10-23 15:21:46,032 Dumping started for USC00121747.txt file
INFO 2024-10-23 15:21:49,847 Dump completed for USC00121747.txt file,total insert count 10957
INFO 2024-10-23 15:21:50,035 Dumping started for USC00121873.txt file
INFO 2024-10-23 15:21:53,159 Dump completed for USC00121873.txt file,total insert count 10742
INFO 2024-10-23 15:21:53,986 Dumping started for USC00122149.txt file
INFO 2024-10-23 15:21:56,488 Dump completed for USC00122149.txt file,total insert count 9554
INFO 2024-10-23 15:21:57,048 Dumping started for USC00123418.txt file
INFO 2024-10-23 15:22:01,662 Dump completed for USC00123418.txt file,total insert count 10957
INFO 2024-10-23 15:22:02,469 Dumping started for USC00123513.txt file
INFO 2024-10-23 15:22:04,815 Dump completed for USC00123513.txt file,total insert count 10347
INFO 2024-10-23 15:22:05,089 Dumping started for USC00123527.txt file
INFO 2024-10-23 15:22:06,838 Dump completed for USC00123527.txt file,total insert count 10896
INFO 2024-10-23 15:22:08,390 Dumping started for USC00124008.txt file
INFO 2024-10-23 15:22:09,209 Dump completed for USC00124008.txt file,total insert count 5476
INFO 2024-10-23 15:22:09,975 Dumping started for USC00124181.txt file
INFO 2024-10-23 15:22:11,779 Dump completed for USC00124181.txt file,total insert count 10681
INFO 2024-10-23 15:22:12,048 Dumping started for USC00124837.txt file
INFO 2024-10-23 15:22:13,668 Dump completed for USC00124837.txt file,total insert count 10866
INFO 2024-10-23 15:22:15,028 Dumping started for USC00125237.txt file
INFO 2024-10-23 15:22:17,193 Dump completed for USC00125237.txt file,total insert count 10865
INFO 2024-10-23 15:22:17,484 Dumping started for USC00125337.txt file
INFO 2024-10-23 15:22:19,576 Dump completed for USC00125337.txt file,total insert count 10926
INFO 2024-10-23 15:22:19,983 Dumping started for USC00126001.txt file
INFO 2024-10-23 15:22:21,745 Dump completed for USC00126001.txt file,total insert count 10562
INFO 2024-10-23 15:22:22,625 Dumping started for USC00126580.txt file
INFO 2024-10-23 15:22:24,547 Dump completed for USC00126580.txt file,total insert count 10899
INFO 2024-10-23 15:22:24,825 Dumping started for USC00126705.txt file
INFO 2024-10-23 15:22:26,632 Dump completed for USC00126705.txt file,total insert count 10598
INFO 2024-10-23 15:22:27,055 Dumping started for USC00127125.txt file
INFO 2024-10-23 15:22:28,935 Dump completed for USC00127125.txt file,total insert count 10804
INFO 2024-10-23 15:22:30,554 Dumping started for USC00127298.txt file
INFO 2024-10-23 15:22:32,762 Dump completed for USC00127298.txt file,total insert count 10957
INFO 2024-10-23 15:22:34,093 Dumping started for USC00127482.txt file
INFO 2024-10-23 15:22:37,000 Dump completed for USC00127482.txt file,total insert count 10957
INFO 2024-10-23 15:22:38,073 Dumping started for USC00127522.txt file
INFO 2024-10-23 15:22:40,981 Dump completed for USC00127522.txt file,total insert count 10926
INFO 2024-10-23 15:22:41,237 Dumping started for USC00127646.txt file
INFO 2024-10-23 15:22:43,575 Dump completed for USC00127646.txt file,total insert count 10957
INFO 2024-10-23 15:22:43,892 Dumping started for USC00127755.txt file
INFO 2024-10-23 15:22:45,700 Dump completed for USC00127755.txt file,total insert count 8467
INFO 2024-10-23 15:22:45,978 Dumping started for USC00127875.txt file
INFO 2024-10-23 15:22:47,899 Dump completed for USC00127875.txt file,total insert count 8219
INFO 2024-10-23 15:22:48,974 Dumping started for USC00127935.txt file
INFO 2024-10-23 15:22:51,257 Dump completed for USC00127935.txt file,total insert count 10380
INFO 2024-10-23 15:22:51,576 Dumping started for USC00128036.txt file
INFO 2024-10-23 15:22:53,551 Dump completed for USC00128036.txt file,total insert count 10835
INFO 2024-10-23 15:22:54,757 Dumping started for USC00129080.txt file
INFO 2024-10-23 15:22:56,319 Dump completed for USC00129080.txt file,total insert count 7609
INFO 2024-10-23 15:22:56,675 Dumping started for USC00129113.txt file
INFO 2024-10-23 15:22:58,722 Dump completed for USC00129113.txt file,total insert count 10927
INFO 2024-10-23 15:22:59,877 Dumping started for USC00129253.txt file
INFO 2024-10-23 15:23:02,156 Dump completed for USC00129253.txt file,total insert count 10468
INFO 2024-10-23 15:23:02,480 Dumping started for USC00129511.txt file
INFO 2024-10-23 15:23:03,795 Dump completed for USC00129511.txt file,total insert count 6849
INFO 2024-10-23 15:23:04,602 Dumping started for USC00129557.txt file
INFO 2024-10-23 15:23:07,105 Dump completed for USC00129557.txt file,total insert count 10957
INFO 2024-10-23 15:23:07,339 Dumping started for USC00129670.txt file
INFO 2024-10-23 15:23:09,508 Dump completed for USC00129670.txt file,total insert count 10957
INFO 2024-10-23 15:23:09,863 Dumping started for USC00130112.txt file
INFO 2024-10-23 15:23:11,981 Dump completed for USC00130112.txt file,total insert count 10806
INFO 2024-10-23 15:23:12,378 Dumping started for USC00130133.txt file
INFO 2024-10-23 15:23:14,407 Dump completed for USC00130133.txt file,total insert count 10957
INFO 2024-10-23 15:23:15,968 Dumping started for USC00130600.txt file
INFO 2024-10-23 15:23:18,084 Dump completed for USC00130600.txt file,total insert count 10928
INFO 2024-10-23 15:23:18,870 Dumping started for USC00131402.txt file
INFO 2024-10-23 15:23:21,113 Dump completed for USC00131402.txt file,total insert count 10957
INFO 2024-10-23 15:23:22,654 Dumping started for USC00131533.txt file
INFO 2024-10-23 15:23:24,607 Dump completed for USC00131533.txt file,total insert count 10957
INFO 2024-10-23 15:23:24,936 Dumping started for USC00131635.txt file
INFO 2024-10-23 15:23:26,989 Dump completed for USC00131635.txt file,total insert count 10957
INFO 2024-10-23 15:23:27,376 Dumping started for USC00132724.txt file
INFO 2024-10-23 15:23:29,332 Dump completed for USC00132724.txt file,total insert count 10836
INFO 2024-10-23 15:23:31,172 Dumping started for USC00132789.txt file
INFO 2024-10-23 15:23:33,297 Dump completed for USC00132789.txt file,total insert count 10957
INFO 2024-10-23 15:23:35,196 Dumping started for USC00132864.txt file
INFO 2024-10-23 15:23:37,578 Dump completed for USC00132864.txt file,total insert count 10957
INFO 2024-10-23 15:23:39,145 Dumping started for USC00132977.txt file
INFO 2024-10-23 15:23:41,682 Dump completed for USC00132977.txt file,total insert count 10957
INFO 2024-10-23 15:23:43,777 Dumping started for USC00132999.txt file
INFO 2024-10-23 15:23:46,647 Dump completed for USC00132999.txt file,total insert count 10804
INFO 2024-10-23 15:23:46,986 Dumping started for USC00134063.txt file
INFO 2024-10-23 15:23:48,988 Dump completed for USC00134063.txt file,total insert count 10714
INFO 2024-10-23 15:23:49,302 Dumping started for USC00134142.txt file
INFO 2024-10-23 15:23:51,435 Dump completed for USC00134142.txt file,total insert count 10807
INFO 2024-10-23 15:23:53,654 Dumping started for USC00134735.txt file
INFO 2024-10-23 15:23:56,441 Dump completed for USC00134735.txt file,total insert count 10928
INFO 2024-10-23 15:23:57,412 Dumping started for USC00134894.txt file
INFO 2024-10-23 15:23:59,679 Dump completed for USC00134894.txt file,total insert count 10867
INFO 2024-10-23 15:24:01,552 Dumping started for USC00135769.txt file
INFO 2024-10-23 15:24:03,723 Dump completed for USC00135769.txt file,total insert count 10833
INFO 2024-10-23 15:24:05,132 Dumping started for USC00135796.txt file
INFO 2024-10-23 15:24:07,466 Dump completed for USC00135796.txt file,total insert count 10957
INFO 2024-10-23 15:24:08,408 Dumping started for USC00135952.txt file
INFO 2024-10-23 15:24:10,340 Dump completed for USC00135952.txt file,total insert count 10899
INFO 2024-10-23 15:24:12,696 Dumping started for USC00137147.txt file
INFO 2024-10-23 15:24:14,920 Dump completed for USC00137147.txt file,total insert count 10957
INFO 2024-10-23 15:24:15,928 Dumping started for USC00137161.txt file
INFO 2024-10-23 15:24:18,073 Dump completed for USC00137161.txt file,total insert count 10957
INFO 2024-10-23 15:24:18,434 Dumping started for USC00137979.txt file
INFO 2024-10-23 15:24:21,310 Dump completed for USC00137979.txt file,total insert count 10926
INFO 2024-10-23 15:24:23,133 Dumping started for USC00138296.txt file
INFO 2024-10-23 15:24:25,864 Dump completed for USC00138296.txt file,total insert count 10837
INFO 2024-10-23 15:24:27,426 Dumping started for USC00138688.txt file
INFO 2024-10-23 15:24:29,881 Dump completed for USC00138688.txt file,total insert count 10957
INFO 2024-10-23 15:24:30,386 Dumping started for USC00250070.txt file
INFO 2024-10-23 15:24:32,288 Dump completed for USC00250070.txt file,total insert count 8918
INFO 2024-10-23 15:24:33,107 Dumping started for USC00250130.txt file
INFO 2024-10-23 15:24:35,144 Dump completed for USC00250130.txt file,total insert count 9587
INFO 2024-10-23 15:24:36,353 Dumping started for USC00250375.txt file
INFO 2024-10-23 15:24:38,478 Dump completed for USC00250375.txt file,total insert count 10835
INFO 2024-10-23 15:24:40,747 Dumping started for USC00250420.txt file
INFO 2024-10-23 15:24:43,009 Dump completed for USC00250420.txt file,total insert count 10379
INFO 2024-10-23 15:24:44,107 Dumping started for USC00250435.txt file
INFO 2024-10-23 15:24:46,428 Dump completed for USC00250435.txt file,total insert count 10957
INFO 2024-10-23 15:24:47,873 Dumping started for USC00250622.txt file
INFO 2024-10-23 15:24:50,777 Dump completed for USC00250622.txt file,total insert count 10896
INFO 2024-10-23 15:24:52,114 Dumping started for USC00250640.txt file
INFO 2024-10-23 15:24:54,468 Dump completed for USC00250640.txt file,total insert count 10957
INFO 2024-10-23 15:24:55,787 Dumping started for USC00251145.txt file
INFO 2024-10-23 15:24:58,100 Dump completed for USC00251145.txt file,total insert count 10836
INFO 2024-10-23 15:25:00,794 Dumping started for USC00251200.txt file
INFO 2024-10-23 15:25:02,786 Dump completed for USC00251200.txt file,total insert count 10805
INFO 2024-10-23 15:25:03,618 Dumping started for USC00252020.txt file
INFO 2024-10-23 15:25:05,902 Dump completed for USC00252020.txt file,total insert count 10746
INFO 2024-10-23 15:25:08,718 Dumping started for USC00252100.txt file
INFO 2024-10-23 15:25:11,213 Dump completed for USC00252100.txt file,total insert count 10713
INFO 2024-10-23 15:25:13,932 Dumping started for USC00252205.txt file
INFO 2024-10-23 15:25:16,350 Dump completed for USC00252205.txt file,total insert count 10926
INFO 2024-10-23 15:25:17,635 Dumping started for USC00252820.txt file
INFO 2024-10-23 15:25:20,328 Dump completed for USC00252820.txt file,total insert count 10896
INFO 2024-10-23 15:25:20,571 Dumping started for USC00252840.txt file
INFO 2024-10-23 15:25:22,897 Dump completed for USC00252840.txt file,total insert count 9771
INFO 2024-10-23 15:25:23,074 Dumping started for USC00253035.txt file
INFO 2024-10-23 15:25:23,603 Dump completed for USC00253035.txt file,total insert count 2069
INFO 2024-10-23 15:25:23,839 Dumping started for USC00253175.txt file
INFO 2024-10-23 15:25:26,023 Dump completed for USC00253175.txt file,total insert count 10957
INFO 2024-10-23 15:25:27,568 Dumping started for USC00253185.txt file
INFO 2024-10-23 15:25:29,987 Dump completed for USC00253185.txt file,total insert count 10957
INFO 2024-10-23 15:25:32,129 Dumping started for USC00253365.txt file
INFO 2024-10-23 15:25:34,821 Dump completed for USC00253365.txt file,total insert count 10926
INFO 2024-10-23 15:25:37,643 Dumping started for USC00253615.txt file
INFO 2024-10-23 15:25:40,340 Dump completed for USC00253615.txt file,total insert count 10927
INFO 2024-10-23 15:25:43,397 Dumping started for USC00253630.txt file
INFO 2024-10-23 15:25:45,933 Dump completed for USC00253630.txt file,total insert count 10927
INFO 2024-10-23 15:25:48,049 Dumping started for USC00253660.txt file
INFO 2024-10-23 15:25:50,907 Dump completed for USC00253660.txt file,total insert count 10896
INFO 2024-10-23 15:25:51,299 Dumping started for USC00253715.txt file
INFO 2024-10-23 15:25:53,226 Dump completed for USC00253715.txt file,total insert count 8521
INFO 2024-10-23 15:25:53,711 Dumping started for USC00253735.txt file
INFO 2024-10-23 15:25:56,054 Dump completed for USC00253735.txt file,total insert count 10868
INFO 2024-10-23 15:25:57,988 Dumping started for USC00253910.txt file
INFO 2024-10-23 15:26:00,365 Dump completed for USC00253910.txt file,total insert count 10957
INFO 2024-10-23 15:26:02,613 Dumping started for USC00254110.txt file
INFO 2024-10-23 15:26:05,107 Dump completed for USC00254110.txt file,total insert count 10683
INFO 2024-10-23 15:26:07,981 Dumping started for USC00254440.txt file
INFO 2024-10-23 15:26:10,419 Dump completed for USC00254440.txt file,total insert count 10866
INFO 2024-10-23 15:26:13,535 Dumping started for USC00254900.txt file
INFO 2024-10-23 15:26:16,288 Dump completed for USC00254900.txt file,total insert count 10927
INFO 2024-10-23 15:26:19,490 Dumping started for USC00254985.txt file
INFO 2024-10-23 15:26:21,744 Dump completed for USC00254985.txt file,total insert count 9861
INFO 2024-10-23 15:26:22,219 Dumping started for USC00255080.txt file
INFO 2024-10-23 15:26:24,474 Dump completed for USC00255080.txt file,total insert count 9556
INFO 2024-10-23 15:26:26,039 Dumping started for USC00255310.txt file
INFO 2024-10-23 15:26:28,468 Dump completed for USC00255310.txt file,total insert count 10926
INFO 2024-10-23 15:26:31,846 Dumping started for USC00255470.txt file
INFO 2024-10-23 15:26:33,736 Dump completed for USC00255470.txt file,total insert count 8489
INFO 2024-10-23 15:26:34,146 Dumping started for USC00255565.txt file
INFO 2024-10-23 15:26:36,639 Dump completed for USC00255565.txt file,total insert count 10957
INFO 2024-10-23 15:26:39,805 Dumping started for USC00256040.txt file
INFO 2024-10-23 15:26:41,952 Dump completed for USC00256040.txt file,total insert count 9009
INFO 2024-10-23 15:26:42,458 Dumping started for USC00256135.txt file
INFO 2024-10-23 15:26:44,788 Dump completed for USC00256135.txt file,total insert count 10957
INFO 2024-10-23 15:26:46,477 Dumping started for USC00256570.txt file
INFO 2024-10-23 15:26:49,002 Dump completed for USC00256570.txt file,total insert count 10836
INFO 2024-10-23 15:26:52,693 Dumping started for USC00256970.txt file
INFO 2024-10-23 15:26:55,012 Dump completed for USC00256970.txt file,total insert count 10017
INFO 2024-10-23 15:26:56,937 Dumping started for USC00257070.txt file
INFO 2024-10-23 15:26:59,555 Dump completed for USC00257070.txt file,total insert count 10926
INFO 2024-10-23 15:27:00,005 Dumping started for USC00257515.txt file
INFO 2024-10-23 15:27:02,284 Dump completed for USC00257515.txt file,total insert count 10075
INFO 2024-10-23 15:27:04,966 Dumping started for USC00257715.txt file
INFO 2024-10-23 15:27:07,515 Dump completed for USC00257715.txt file,total insert count 10957
INFO 2024-10-23 15:27:10,055 Dumping started for USC00258133.txt file
INFO 2024-10-23 15:27:12,109 Dump completed for USC00258133.txt file,total insert count 9225
INFO 2024-10-23 15:27:13,604 Dumping started for USC00258395.txt file
INFO 2024-10-23 15:27:16,606 Dump completed for USC00258395.txt file,total insert count 10957
INFO 2024-10-23 15:27:19,118 Dumping started for USC00258465.txt file
INFO 2024-10-23 15:27:21,368 Dump completed for USC00258465.txt file,total insert count 10684
INFO 2024-10-23 15:27:25,884 Dumping started for USC00258480.txt file
INFO 2024-10-23 15:27:28,008 Dump completed for USC00258480.txt file,total insert count 10808
INFO 2024-10-23 15:27:31,872 Dumping started for USC00258915.txt file
INFO 2024-10-23 15:27:34,559 Dump completed for USC00258915.txt file,total insert count 10957
INFO 2024-10-23 15:27:36,597 Dumping started for USC00259090.txt file
INFO 2024-10-23 15:27:40,555 Dump completed for USC00259090.txt file,total insert count 9374
INFO 2024-10-23 15:27:40,893 Dumping started for USC00259510.txt file
INFO 2024-10-23 15:27:43,978 Dump completed for USC00259510.txt file,total insert count 8735
INFO 2024-10-23 15:27:44,556 Dumping started for USC00331072.txt file
INFO 2024-10-23 15:27:47,165 Dump completed for USC00331072.txt file,total insert count 10957
INFO 2024-10-23 15:27:50,616 Dumping started for USC00331152.txt file
INFO 2024-10-23 15:27:53,243 Dump completed for USC00331152.txt file,total insert count 8886
INFO 2024-10-23 15:27:54,123 Dumping started for USC00331541.txt file
INFO 2024-10-23 15:27:57,925 Dump completed for USC00331541.txt file,total insert count 10957
INFO 2024-10-23 15:27:58,948 Dumping started for USC00331592.txt file
INFO 2024-10-23 15:28:04,437 Dump completed for USC00331592.txt file,total insert count 10957
INFO 2024-10-23 15:28:04,858 Dumping started for USC00331890.txt file
INFO 2024-10-23 15:28:10,174 Dump completed for USC00331890.txt file,total insert count 10772
INFO 2024-10-23 15:28:10,594 Dumping started for USC00332098.txt file
INFO 2024-10-23 15:28:14,088 Dump completed for USC00332098.txt file,total insert count 10927
INFO 2024-10-23 15:28:16,427 Dumping started for USC00332119.txt file
INFO 2024-10-23 15:28:18,015 Dump completed for USC00332119.txt file,total insert count 5722
INFO 2024-10-23 15:28:20,744 Dumping started for USC00332791.txt file
INFO 2024-10-23 15:28:24,875 Dump completed for USC00332791.txt file,total insert count 10957
INFO 2024-10-23 15:28:27,286 Dumping started for USC00333375.txt file
INFO 2024-10-23 15:28:31,094 Dump completed for USC00333375.txt file,total insert count 10926
INFO 2024-10-23 15:28:31,945 Dumping started for USC00333758.txt file
INFO 2024-10-23 15:28:35,725 Dump completed for USC00333758.txt file,total insert count 10712
INFO 2024-10-23 15:28:37,195 Dumping started for USC00333780.txt file
INFO 2024-10-23 15:28:42,587 Dump completed for USC00333780.txt file,total insert count 10927
INFO 2024-10-23 15:28:43,007 Dumping started for USC00334189.txt file
INFO 2024-10-23 15:28:48,885 Dump completed for USC00334189.txt file,total insert count 10834
INFO 2024-10-23 15:28:49,100 Dumping started for USC00335041.txt file
INFO 2024-10-23 15:29:07,923 Dump completed for USC00335041.txt file,total insert count 10896
INFO 2024-10-23 15:29:08,285 Dumping started for USC00335297.txt file
INFO 2024-10-23 15:29:16,685 Dump completed for USC00335297.txt file,total insert count 9557
INFO 2024-10-23 15:29:17,015 Dumping started for USC00335315.txt file
INFO 2024-10-23 15:29:21,841 Dump completed for USC00335315.txt file,total insert count 9768
INFO 2024-10-23 15:29:22,624 Dumping started for USC00336118.txt file
INFO 2024-10-23 15:29:26,387 Dump completed for USC00336118.txt file,total insert count 10957
INFO 2024-10-23 15:29:27,241 Dumping started for USC00336196.txt file
INFO 2024-10-23 15:29:31,429 Dump completed for USC00336196.txt file,total insert count 10957
INFO 2024-10-23 15:29:35,453 Dumping started for USC00336600.txt file
INFO 2024-10-23 15:29:38,724 Dump completed for USC00336600.txt file,total insert count 10561
INFO 2024-10-23 15:29:40,009 Dumping started for USC00336781.txt file
INFO 2024-10-23 15:29:43,619 Dump completed for USC00336781.txt file,total insert count 10927
INFO 2024-10-23 15:29:47,035 Dumping started for USC00338313.txt file
INFO 2024-10-23 15:29:49,900 Dump completed for USC00338313.txt file,total insert count 9862
INFO 2024-10-23 15:29:50,598 Dumping started for USC00338534.txt file
INFO 2024-10-23 15:29:53,752 Dump completed for USC00338534.txt file,total insert count 10469
INFO 2024-10-23 15:29:55,072 Dumping started for USC00338552.txt file
INFO 2024-10-23 15:30:00,282 Dump completed for USC00338552.txt file,total insert count 10896
INFO 2024-10-23 15:30:00,914 Dumping started for USC00338769.txt file
INFO 2024-10-23 15:30:06,125 Dump completed for USC00338769.txt file,total insert count 10957
INFO 2024-10-23 15:30:07,998 Dumping started for USC00338822.txt file
INFO 2024-10-23 15:30:12,385 Dump completed for USC00338822.txt file,total insert count 10957
INFO 2024-10-23 15:30:13,165 Dumping started for USC00338830.txt file
INFO 2024-10-23 15:30:16,481 Dump completed for USC00338830.txt file,total insert count 10957
INFO 2024-10-23 15:30:19,819 Dumping started for USC00339312.txt file
INFO 2024-10-23 15:30:23,327 Dump completed for USC00339312.txt file,total insert count 10957
INFO 2024-10-23 15:30:24,904 Dump completed in 0:10:09.578276 seconds,total insert count1729957
DEBUG 2024-10-23 15:31:41,963 get 'PAGE_SIZE' casted as 'None' with default '<NoValue>'
DEBUG 2024-10-23 15:31:45,159 get 'PAGE_SIZE' casted as 'None' with default '<NoValue>'
INFO 2024-10-23 15:31:45,684 Watching for file changes with StatReloader
WARNING 2024-10-23 15:32:04,786 Not Found: /favicon.ico
WARNING 2024-10-23 15:40:08,172 Not Found: /favicon.ico
DEBUG 2024-10-23 15:44:16,445 get 'PAGE_SIZE' casted as 'None' with default '<NoValue>'
INFO 2024-10-23 15:44:20,859 Analysis starting
INFO 2024-10-23 15:44:20,898 Deleted all old data from weather_analysis
INFO 2024-10-23 15:44:35,397 Analysis data inserted into weather_analysis table.
INFO 2024-10-23 15:44:35,397 Data analysis completed successfully.
